0 info it worked if it ends with ok
1 verbose cli [ '/usr/local/Cellar/node/7.5.0/bin/node',
1 verbose cli   '/usr/local/bin/npm',
1 verbose cli   'unpublish',
1 verbose cli   'sicro/1.0.1' ]
2 info using npm@4.1.2
3 info using node@v7.5.0
4 silly unpublish args[0] sicro/1.0.1
5 silly unpublish thing Result {
5 silly unpublish   raw: 'sicro/1.0.1',
5 silly unpublish   scope: null,
5 silly unpublish   escapedName: null,
5 silly unpublish   name: null,
5 silly unpublish   rawSpec: 'sicro/1.0.1',
5 silly unpublish   spec: 'github:sicro/1.0.1',
5 silly unpublish   type: 'hosted',
5 silly unpublish   hosted:
5 silly unpublish    { type: 'github',
5 silly unpublish      ssh: 'git@github.com:sicro/1.0.1.git',
5 silly unpublish      sshUrl: 'git+ssh://git@github.com/sicro/1.0.1.git',
5 silly unpublish      httpsUrl: 'git+https://github.com/sicro/1.0.1.git',
5 silly unpublish      gitUrl: 'git://github.com/sicro/1.0.1.git',
5 silly unpublish      shortcut: 'github:sicro/1.0.1',
5 silly unpublish      directUrl: 'https://raw.githubusercontent.com/sicro/1.0.1/master/package.json' } }
6 verbose unpublish { name: 'sicro',
6 verbose unpublish   version: '1.0.1',
6 verbose unpublish   description: 'a simple node wrapper for the crontab',
6 verbose unpublish   main: 'index.js',
6 verbose unpublish   bin: { sicro: 'node app.js' },
6 verbose unpublish   scripts: { test: 'node list.js' },
6 verbose unpublish   repository:
6 verbose unpublish    { type: 'git',
6 verbose unpublish      url: 'git+https://github.com/MaPhil/simple-cron.git' },
6 verbose unpublish   keywords: [ 'cron', 'crontab' ],
6 verbose unpublish   author: { name: 'Philipp Mainz' },
6 verbose unpublish   license: 'MIT',
6 verbose unpublish   bugs: { url: 'https://github.com/MaPhil/simple-cron/issues' },
6 verbose unpublish   homepage: 'https://github.com/MaPhil/simple-cron#readme',
6 verbose unpublish   dependencies: { 'cli-table': '^0.3.1', minimist: '^1.2.0', q: '^1.5.1' },
6 verbose unpublish   readme: '# simple-cron\n\n### usage on the console\n\nsimple-cron -option \n\ngeneral options: \n\n\t-v --version\n\t-h --help\n\t-l --list\n\n\nfunctions:\n\n\tadd job    \n\t[-a --add] [-k --key] <key> [-j --job] <job>\n    \n\tremove job\n\t[-r --remove] [-k --key] <key> \n  \n### usage in a programm\n\n```javascript\nvar sc require(\'simple-cron\');\nsc.add(\'key\',\'* * * * * echo "I am a test command" >> ~/Desktop/tmp3.txt\').then(function(){\n  //callback\n});\nsc.remove(\'key\').then(function(){\n  //callback\n});\nsc.list().then(function(){\n  //callback\n});\n```\n',
6 verbose unpublish   readmeFilename: 'README.md',
6 verbose unpublish   gitHead: '0ee8070611677bc0c2147b7900b4961567a52b9c',
6 verbose unpublish   _id: 'sicro@1.0.1' }
7 verbose getPublishConfig undefined
8 silly ls normalized sicro/1.0.1
9 silly gentlyRm /Users/philipp/.npm/sicro/1.0.1 is being purged
10 verbose gentlyRm don't care about contents; nuking /Users/philipp/.npm/sicro/1.0.1
11 silly vacuum-fs purging /Users/philipp/.npm/sicro/1.0.1
12 silly vacuum-fs removing /Users/philipp/.npm/sicro
13 silly vacuum-fs quitting because other entries in /Users/philipp/.npm
14 silly mapToRegistry name sicro
15 silly mapToRegistry using default registry
16 silly mapToRegistry registry https://registry.npmjs.org/
17 silly mapToRegistry data Result {
17 silly mapToRegistry   raw: 'sicro',
17 silly mapToRegistry   scope: null,
17 silly mapToRegistry   escapedName: 'sicro',
17 silly mapToRegistry   name: 'sicro',
17 silly mapToRegistry   rawSpec: '',
17 silly mapToRegistry   spec: 'latest',
17 silly mapToRegistry   type: 'tag' }
18 silly mapToRegistry uri https://registry.npmjs.org/sicro
19 verbose get GET as part of write; not caching result
20 verbose request uri https://registry.npmjs.org/sicro?write=true
21 verbose request no auth needed
22 info attempt registry request try #1 at 10:34:57 AM
23 verbose request using bearer token for auth
24 verbose request id 7af271ebb3a0fac9
25 http request GET https://registry.npmjs.org/sicro?write=true
26 http 200 https://registry.npmjs.org/sicro?write=true
27 verbose headers { server: 'CouchDB/1.5.0 (Erlang OTP/R16B03)',
27 verbose headers   'content-type': 'application/json',
27 verbose headers   etag: '"5a2d8025-948"',
27 verbose headers   'content-encoding': 'gzip',
27 verbose headers   'cache-control': 'max-age=0',
27 verbose headers   'transfer-encoding': 'chunked',
27 verbose headers   'accept-ranges': 'bytes',
27 verbose headers   date: 'Mon, 09 Apr 2018 08:34:57 GMT',
27 verbose headers   via: '1.1 varnish',
27 verbose headers   connection: 'keep-alive',
27 verbose headers   'x-served-by': 'cache-hhn1549-HHN',
27 verbose headers   'x-cache': 'MISS',
27 verbose headers   'x-cache-hits': '0',
27 verbose headers   'x-timer': 'S1523262897.224519,VS0,VE184',
27 verbose headers   vary: 'Accept-Encoding' }
28 silly get cb [ 200,
28 silly get   { server: 'CouchDB/1.5.0 (Erlang OTP/R16B03)',
28 silly get     'content-type': 'application/json',
28 silly get     etag: '"5a2d8025-948"',
28 silly get     'content-encoding': 'gzip',
28 silly get     'cache-control': 'max-age=0',
28 silly get     'transfer-encoding': 'chunked',
28 silly get     'accept-ranges': 'bytes',
28 silly get     date: 'Mon, 09 Apr 2018 08:34:57 GMT',
28 silly get     via: '1.1 varnish',
28 silly get     connection: 'keep-alive',
28 silly get     'x-served-by': 'cache-hhn1549-HHN',
28 silly get     'x-cache': 'MISS',
28 silly get     'x-cache-hits': '0',
28 silly get     'x-timer': 'S1523262897.224519,VS0,VE184',
28 silly get     vary: 'Accept-Encoding' } ]
29 verbose get saving sicro to /Users/philipp/.npm/registry.npmjs.org/sicro_3Fwrite_3Dtrue/.cache.json
30 verbose correctMkdir /Users/philipp/.npm correctMkdir not in flight; initializing
31 verbose unpublish removing attachments { shasum: 'ebeba92e4a2608a2c0f21be33404fc537d105a51',
31 verbose unpublish   tarball: 'https://registry.npmjs.org/sicro/-/sicro-1.0.1.tgz' }
32 info unpublish No versions remain, removing entire package
33 verbose request uri https://registry.npmjs.org/sicro/-rev/1-f9ba65f800201e81c6657fb0a23ec209
34 verbose request sending authorization for write operation
35 info attempt registry request try #1 at 10:34:57 AM
36 verbose request using bearer token for auth
37 http request DELETE https://registry.npmjs.org/sicro/-rev/1-f9ba65f800201e81c6657fb0a23ec209
38 http 400 https://registry.npmjs.org/sicro/-rev/1-f9ba65f800201e81c6657fb0a23ec209
39 verbose headers { 'content-type': 'application/json',
39 verbose headers   'cache-control': 'max-age=300',
39 verbose headers   'content-length': '162',
39 verbose headers   'accept-ranges': 'bytes',
39 verbose headers   date: 'Mon, 09 Apr 2018 08:34:58 GMT',
39 verbose headers   via: '1.1 varnish',
39 verbose headers   connection: 'keep-alive',
39 verbose headers   'x-served-by': 'cache-hhn1549-HHN',
39 verbose headers   'x-cache': 'MISS',
39 verbose headers   'x-cache-hits': '0',
39 verbose headers   'x-timer': 'S1523262897.468318,VS0,VE837',
39 verbose headers   vary: 'Accept-Encoding, Accept' }
40 verbose request invalidating /Users/philipp/.npm/registry.npmjs.org/sicro on DELETE
41 verbose stack Error: You can no longer unpublish this version. Please deprecate it instead
41 verbose stack npm deprecate -f 'sicro@*' "this package has been deprecated" : sicro
41 verbose stack     at makeError (/usr/local/lib/node_modules/npm/node_modules/npm-registry-client/lib/request.js:304:12)
41 verbose stack     at CachingRegistryClient.<anonymous> (/usr/local/lib/node_modules/npm/node_modules/npm-registry-client/lib/request.js:292:14)
41 verbose stack     at Request._callback (/usr/local/lib/node_modules/npm/node_modules/npm-registry-client/lib/request.js:212:14)
41 verbose stack     at Request.self.callback (/usr/local/lib/node_modules/npm/node_modules/request/request.js:186:22)
41 verbose stack     at emitTwo (events.js:106:13)
41 verbose stack     at Request.emit (events.js:192:7)
41 verbose stack     at Request.<anonymous> (/usr/local/lib/node_modules/npm/node_modules/request/request.js:1081:10)
41 verbose stack     at emitOne (events.js:96:13)
41 verbose stack     at Request.emit (events.js:189:7)
41 verbose stack     at IncomingMessage.<anonymous> (/usr/local/lib/node_modules/npm/node_modules/request/request.js:1001:12)
42 verbose statusCode 400
43 verbose pkgid sicro
44 verbose cwd /Users/philipp/Desktop/sicro
45 error Darwin 17.4.0
46 error argv "/usr/local/Cellar/node/7.5.0/bin/node" "/usr/local/bin/npm" "unpublish" "sicro/1.0.1"
47 error node v7.5.0
48 error npm  v4.1.2
49 error code E400
50 error You can no longer unpublish this version. Please deprecate it instead
50 error npm deprecate -f 'sicro@*' "this package has been deprecated" : sicro
51 error If you need help, you may report this error at:
51 error     <https://github.com/npm/npm/issues>
52 verbose exit [ 1, true ]
